<?xml version="1.0" encoding="UTF-8"?>
<testsuite name="first.backtest.BackTestApplicationTests" tests="1" skipped="0" failures="0" errors="0" timestamp="2025-05-27T06:34:27.505Z" hostname="ijuyeong-ui-MacBookPro.local" time="0.194">
  <properties/>
  <testcase name="contextLoads()" classname="first.backtest.BackTestApplicationTests" time="0.194"/>
  <system-out><![CDATA[15:34:25.960 [Test worker] INFO org.springframework.test.context.support.AnnotationConfigContextLoaderUtils -- Could not detect default configuration classes for test class [first.backtest.BackTestApplicationTests]: BackTestApplicationTests does not declare any static, non-private, non-final, nested classes annotated with @Configuration.
15:34:25.992 [Test worker] INFO org.springframework.boot.test.context.SpringBootTestContextBootstrapper -- Found @SpringBootConfiguration first.backtest.BackTestApplication for test class first.backtest.BackTestApplicationTests

  .   ____          _            __ _ _
 /\\ / ___'_ __ _ _(_)_ __  __ _ \ \ \ \
( ( )\___ | '_ | '_| | '_ \/ _` | \ \ \ \
 \\/  ___)| |_)| | | | | || (_| |  ) ) ) )
  '  |____| .__|_| |_|_| |_\__, | / / / /
 =========|_|==============|___/=/_/_/_/

 :: Spring Boot ::                (v3.5.0)

2025-05-27T15:34:26.124+09:00  INFO 62057 --- [back-test] [    Test worker] f.backtest.BackTestApplicationTests      : Starting BackTestApplicationTests using Java 17.0.12 with PID 62057 (started by ljy in /Users/ljy/Documents/final/my_little_lawyer/end)
2025-05-27T15:34:26.124+09:00  INFO 62057 --- [back-test] [    Test worker] f.backtest.BackTestApplicationTests      : No active profile set, falling back to 1 default profile: "default"
2025-05-27T15:34:26.375+09:00  INFO 62057 --- [back-test] [    Test worker] .s.d.r.c.RepositoryConfigurationDelegate : Bootstrapping Spring Data JPA repositories in DEFAULT mode.
2025-05-27T15:34:26.392+09:00  INFO 62057 --- [back-test] [    Test worker] .s.d.r.c.RepositoryConfigurationDelegate : Finished Spring Data repository scanning in 13 ms. Found 1 JPA repository interface.
2025-05-27T15:34:26.536+09:00  INFO 62057 --- [back-test] [    Test worker] o.hibernate.jpa.internal.util.LogHelper  : HHH000204: Processing PersistenceUnitInfo [name: default]
2025-05-27T15:34:26.548+09:00  INFO 62057 --- [back-test] [    Test worker] org.hibernate.Version                    : HHH000412: Hibernate ORM core version 6.6.15.Final
2025-05-27T15:34:26.556+09:00  INFO 62057 --- [back-test] [    Test worker] o.h.c.internal.RegionFactoryInitiator    : HHH000026: Second-level cache disabled
2025-05-27T15:34:26.623+09:00  INFO 62057 --- [back-test] [    Test worker] o.s.o.j.p.SpringPersistenceUnitInfo      : No LoadTimeWeaver setup: ignoring JPA class transformer
2025-05-27T15:34:26.631+09:00  INFO 62057 --- [back-test] [    Test worker] com.zaxxer.hikari.HikariDataSource       : HikariPool-1 - Starting...
2025-05-27T15:34:26.682+09:00  INFO 62057 --- [back-test] [    Test worker] com.zaxxer.hikari.pool.HikariPool        : HikariPool-1 - Added connection com.mysql.cj.jdbc.ConnectionImpl@2759749
2025-05-27T15:34:26.682+09:00  INFO 62057 --- [back-test] [    Test worker] com.zaxxer.hikari.HikariDataSource       : HikariPool-1 - Start completed.
2025-05-27T15:34:26.709+09:00  INFO 62057 --- [back-test] [    Test worker] org.hibernate.orm.connections.pooling    : HHH10001005: Database info:
	Database JDBC URL [Connecting through datasource 'HikariDataSource (HikariPool-1)']
	Database driver: undefined/unknown
	Database version: 9.3
	Autocommit mode: undefined/unknown
	Isolation level: undefined/unknown
	Minimum pool size: undefined/unknown
	Maximum pool size: undefined/unknown
2025-05-27T15:34:26.927+09:00  INFO 62057 --- [back-test] [    Test worker] o.h.e.t.j.p.i.JtaPlatformInitiator       : HHH000489: No JTA platform available (set 'hibernate.transaction.jta.platform' to enable JTA platform integration)
2025-05-27T15:34:26.948+09:00  INFO 62057 --- [back-test] [    Test worker] j.LocalContainerEntityManagerFactoryBean : Initialized JPA EntityManagerFactory for persistence unit 'default'
2025-05-27T15:34:27.045+09:00  INFO 62057 --- [back-test] [    Test worker] r$InitializeUserDetailsManagerConfigurer : Global AuthenticationManager configured with UserDetailsService bean with name customUserDetailsService
2025-05-27T15:34:27.070+09:00  WARN 62057 --- [back-test] [    Test worker] JpaBaseConfiguration$JpaWebConfiguration : spring.jpa.open-in-view is enabled by default. Therefore, database queries may be performed during view rendering. Explicitly configure spring.jpa.open-in-view to disable this warning
2025-05-27T15:34:27.502+09:00  INFO 62057 --- [back-test] [    Test worker] f.backtest.BackTestApplicationTests      : Started BackTestApplicationTests in 1.466 seconds (process running for 1.791)
]]></system-out>
  <system-err><![CDATA[]]></system-err>
</testsuite>
